  lab3.cpp
C:\Users\unlucked\source\repos\lab3\lab3\lab3.cpp(22,5): error C4235: nonstandard extension used: '__asm' keyword not supported on this architecture
C:\Users\unlucked\source\repos\lab3\lab3\lab3.cpp(34,9): error C2143: syntax error: missing ';' before ':'
C:\Users\unlucked\source\repos\lab3\lab3\lab3.cpp(34,9): error C2059: syntax error: ':'
